03-23-2017 @ 02:49:21 - ---
03-23-2017 @ 02:49:21 - ---
03-23-2017 @ 02:49:21 - > Row 2 - preparing for merge.
03-23-2017 @ 02:49:21 - > > Skipped. Cannot find customer with email kaylaglamlamb@gmail.com. Importing instead.
03-23-2017 @ 02:49:21 - ---
03-23-2017 @ 02:49:21 - ---
03-23-2017 @ 02:49:21 - > Row 3 - preparing for merge.
03-23-2017 @ 02:49:21 - > > Skipped. Cannot find customer with email ddarko.willette@gmail.com. Importing instead.
03-23-2017 @ 02:49:21 - ---
03-23-2017 @ 02:49:21 - ---
03-23-2017 @ 02:49:21 - > Row 4 - preparing for merge.
03-23-2017 @ 02:49:21 - > > Skipped. Cannot find customer with email imzsht7181@aol.com. Importing instead.
03-23-2017 @ 02:49:21 - ---
03-23-2017 @ 02:49:21 - ---
03-23-2017 @ 02:49:21 - > Row 5 - preparing for merge.
03-23-2017 @ 02:49:21 - > > Skipped. Cannot find customer with email Patriotrights@yahoo.com. Importing instead.
03-23-2017 @ 02:49:21 - ---
03-23-2017 @ 02:49:21 - ---
03-23-2017 @ 02:49:21 - > Row 6 - preparing for merge.
03-23-2017 @ 02:49:21 - > > Skipped. Cannot find customer with email Dev5095@yahoo.com. Importing instead.
03-23-2017 @ 02:49:21 - ---
