[28-Mar-2017 13:30:31 UTC] Checking Array after add_imported_csv_addresses function
[28-Mar-2017 13:30:31 UTC] Array
(
    [email] => samplecustomer1@gmail.com
    [username] => samplecustomer1@gmail.com
    [first_name] => Kayla
    [last_name] => Lamb
    [shipping_address] => Array
        (
            [shipping_address_id] => 34228
            [shipping_address_name] => Kayla Lamb
            [shipping_address_first_name] => Kayla
            [shipping_address_last_name] => Lamb
            [shipping_address_company] => 1991
            [shipping_address_line_1] => 116 Creekpark
            [shipping_address_line_2] => 
            [shipping_city/suburb] => Floresville
            [shipping_state/province] => Texas
            [shipping_state_abbreviation] => TX
            [shipping_zip/postcode] => 78114
            [shipping_country] => United States
            [shipping_building_type] => residential
            [shipping_address_phone] => 2107256029
        )

    [billing_address] => Array
        (
            [billing_address_id] => 34228
            [billing_address_name] => Kayla Lamb
            [billing_address_first_name] => Kayla
            [billing_address_last_name] => Lamb
            [billing_address_company] => 1991
            [billing_address_line_1] => 116 Creekpark
            [billing_address_line_2] => 
            [billing_city/suburb] => Floresville
            [billing_state/province] => Texas
            [billing_state_abbreviation] => TX
            [billing_zip/postcode] => 78114
            [billing_country] => United States
            [billing_building_type] => residential
            [billing_address_phone] => 2107256029
        )

    [user_meta] => Array
        (
            [customer_id] => 30478
            [company] => 1991
            [phone] => 2107256029
            [notes] => 
            [customer_group] => RETAIL
            [date_joined] => 03/15/2017
            [receive_marketing_emails] => 1
            [tax_exempt_category] => 
            [wc_other_addresses] => Array
                (
                    [0] => Array
                        (
                            [shipping_address_id] => 34229
                            [shipping_address_name] => Kayla Lamb
                            [shipping_address_first_name] => Kayla
                            [shipping_address_last_name] => Lamb
                            [shipping_address_company] => 
                            [shipping_address_line_1] => 15103 SPRING GLN
                            [shipping_address_line_2] => 
                            [shipping_city/suburb] => San Antonio
                            [shipping_state/province] => Texas
                            [shipping_state_abbreviation] => TX
                            [shipping_zip/postcode] => 78247
                            [shipping_country] => United States
                            [shipping_building_type] => residential
                            [shipping_address_phone] => 2107256029
                        )

                    [1] => Array
                        (
                            [shipping_address_id] => 34230
                            [shipping_address_name] => Kayla Lamb
                            [shipping_address_first_name] => Kayla
                            [shipping_address_last_name] => Lamb
                            [shipping_address_company] => 1991
                            [shipping_address_line_1] => 116 Creekpark Drive
                            [shipping_address_line_2] => 
                            [shipping_city/suburb] => Floresville
                            [shipping_state/province] => Texas
                            [shipping_state_abbreviation] => TX
                            [shipping_zip/postcode] => 78114
                            [shipping_country] => United States
                            [shipping_building_type] => residential
                            [shipping_address_phone] => 2107256029
                        )

                )

        )

)

[28-Mar-2017 13:30:31 UTC] Checking Array after add_imported_csv_addresses function
[28-Mar-2017 13:30:31 UTC] Array
(
    [email] => samplecustomer2@gmail.com
    [username] => samplecustomer2@gmail.com
    [first_name] => James
    [last_name] => Willette
    [shipping_address] => Array
        (
            [shipping_address_id] => 34231
            [shipping_address_name] => James Willette
            [shipping_address_first_name] => James
            [shipping_address_last_name] => Willette
            [shipping_address_company] => 
            [shipping_address_line_1] => 48 Branch St
            [shipping_address_line_2] => Apt 3
            [shipping_city/suburb] => Pawtucket
            [shipping_state/province] => Rhode Island
            [shipping_state_abbreviation] => RI
            [shipping_zip/postcode] => 02860
            [shipping_country] => United States
            [shipping_building_type] => residential
            [shipping_address_phone] => 4013322305
        )

    [billing_address] => Array
        (
            [billing_address_id] => 34231
            [billing_address_name] => James Willette
            [billing_address_first_name] => James
            [billing_address_last_name] => Willette
            [billing_address_company] => 
            [billing_address_line_1] => 48 Branch St
            [billing_address_line_2] => Apt 3
            [billing_city/suburb] => Pawtucket
            [billing_state/province] => Rhode Island
            [billing_state_abbreviation] => RI
            [billing_zip/postcode] => 02860
            [billing_country] => United States
            [billing_building_type] => residential
            [billing_address_phone] => 4013322305
        )

    [user_meta] => Array
        (
            [customer_id] => 30479
            [company] => 
            [phone] => 4013322305
            [notes] => 
            [customer_group] => RETAIL
            [date_joined] => 03/15/2017
            [receive_marketing_emails] => 1
            [tax_exempt_category] => 
            [wc_other_addresses] => Array
                (
                )

        )

)

[28-Mar-2017 13:30:31 UTC] Checking Array after add_imported_csv_addresses function
[28-Mar-2017 13:30:31 UTC] Array
(
    [email] => samplecustomer3@aol.com
    [username] => samplecustomer3@aol.com
    [first_name] => Brian
    [last_name] => Bohl
    [shipping_address] => Array
        (
            [shipping_address_id] => 34232
            [shipping_address_name] => Brian Bohl
            [shipping_address_first_name] => Brian
            [shipping_address_last_name] => Bohl
            [shipping_address_company] => 
            [shipping_address_line_1] => 1881 Walters Court STE C
            [shipping_address_line_2] => 
            [shipping_city/suburb] => Fairfield
            [shipping_state/province] => California
            [shipping_state_abbreviation] => CA
            [shipping_zip/postcode] => 94533
            [shipping_country] => United States
            [shipping_building_type] => residential
            [shipping_address_phone] => 7074306779
        )

    [billing_address] => Array
        (
            [billing_address_id] => 34232
            [billing_address_name] => Brian Bohl
            [billing_address_first_name] => Brian
            [billing_address_last_name] => Bohl
            [billing_address_company] => 
            [billing_address_line_1] => 1881 Walters Court STE C
            [billing_address_line_2] => 
            [billing_city/suburb] => Fairfield
            [billing_state/province] => California
            [billing_state_abbreviation] => CA
            [billing_zip/postcode] => 94533
            [billing_country] => United States
            [billing_building_type] => residential
            [billing_address_phone] => 7074306779
        )

    [user_meta] => Array
        (
            [customer_id] => 30480
            [company] => 
            [phone] => 7074306779
            [notes] => 
            [customer_group] => RETAIL
            [date_joined] => 03/15/2017
            [receive_marketing_emails] => 1
            [tax_exempt_category] => 
            [wc_other_addresses] => Array
                (
                    [0] => Array
                        (
                            [shipping_address_id] => 34233
                            [shipping_address_name] => Brian Bohl
                            [shipping_address_first_name] => Brian
                            [shipping_address_last_name] => Bohl
                            [shipping_address_company] => 
                            [shipping_address_line_1] => 5000 Lynbrook Drive
                            [shipping_address_line_2] => 
                            [shipping_city/suburb] => Fairfield
                            [shipping_state/province] => California
                            [shipping_state_abbreviation] => CA
                            [shipping_zip/postcode] => 94534
                            [shipping_country] => United States
                            [shipping_building_type] => residential
                            [shipping_address_phone] => 7074306779
                        )

                )

        )

)

[28-Mar-2017 13:30:31 UTC] Checking Array after add_imported_csv_addresses function
[28-Mar-2017 13:30:31 UTC] Array
(
    [email] => samplecustomer4@yahoo.com
    [username] => samplecustomer4@yahoo.com
    [first_name] => John
    [last_name] => Averick
    [shipping_address] => Array
        (
            [shipping_address_id] => 34234
            [shipping_address_name] => John Averick
            [shipping_address_first_name] => John
            [shipping_address_last_name] => Averick
            [shipping_address_company] => 
            [shipping_address_line_1] => 2075 S.W. 186 ct.
            [shipping_address_line_2] => 
            [shipping_city/suburb] => Dunnellon
            [shipping_state/province] => Florida
            [shipping_state_abbreviation] => FL
            [shipping_zip/postcode] => 34432
            [shipping_country] => United States
            [shipping_building_type] => residential
            [shipping_address_phone] => 352-489-3589
        )

    [billing_address] => Array
        (
            [billing_address_id] => 34234
            [billing_address_name] => John Averick
            [billing_address_first_name] => John
            [billing_address_last_name] => Averick
            [billing_address_company] => 
            [billing_address_line_1] => 2075 S.W. 186 ct.
            [billing_address_line_2] => 
            [billing_city/suburb] => Dunnellon
            [billing_state/province] => Florida
            [billing_state_abbreviation] => FL
            [billing_zip/postcode] => 34432
            [billing_country] => United States
            [billing_building_type] => residential
            [billing_address_phone] => 352-489-3589
        )

    [user_meta] => Array
        (
            [customer_id] => 30481
            [company] => 
            [phone] => 352-489-3589
            [notes] => 
            [customer_group] => RETAIL
            [date_joined] => 03/15/2017
            [receive_marketing_emails] => 1
            [tax_exempt_category] => 
            [wc_other_addresses] => Array
                (
                )

        )

)

[28-Mar-2017 13:30:31 UTC] Checking Array after add_imported_csv_addresses function
[28-Mar-2017 13:30:31 UTC] Array
(
    [email] => samplecustomer5@yahoo.com
    [username] => samplecustomer5@yahoo.com
    [first_name] => Devon
    [last_name] => Dusseault
    [shipping_address] => Array
        (
            [shipping_address_id] => 34235
            [shipping_address_name] => Devon Dusseault
            [shipping_address_first_name] => Devon
            [shipping_address_last_name] => Dusseault
            [shipping_address_company] => 
            [shipping_address_line_1] => 17 Walnut circle
            [shipping_address_line_2] => 
            [shipping_city/suburb] => Windsor Locks
            [shipping_state/province] => Connecticut
            [shipping_state_abbreviation] => CT
            [shipping_zip/postcode] => 06096
            [shipping_country] => United States
            [shipping_building_type] => residential
            [shipping_address_phone] => 8606349216
        )

    [billing_address] => Array
        (
            [billing_address_id] => 34235
            [billing_address_name] => Devon Dusseault
            [billing_address_first_name] => Devon
            [billing_address_last_name] => Dusseault
            [billing_address_company] => 
            [billing_address_line_1] => 17 Walnut circle
            [billing_address_line_2] => 
            [billing_city/suburb] => Windsor Locks
            [billing_state/province] => Connecticut
            [billing_state_abbreviation] => CT
            [billing_zip/postcode] => 06096
            [billing_country] => United States
            [billing_building_type] => residential
            [billing_address_phone] => 8606349216
        )

    [user_meta] => Array
        (
            [customer_id] => 30482
            [company] => 
            [phone] => 8606349216
            [notes] => 
            [customer_group] => RETAIL
            [date_joined] => 03/15/2017
            [receive_marketing_emails] => 1
            [tax_exempt_category] => 
            [wc_other_addresses] => Array
                (
                )

        )

)

